<?xml version="1.0" encoding="UTF-8"?>
<!-- Generated by org.testng.reporters.JUnitReportReporter -->
<testsuite skipped="0" hostname="DESKTOP-FK2H0K2" name="com.lib_testing.LogoutTest" tests="1" failures="0" timestamp="2020-05-01T11:57:48 IST" time="7.361" errors="0">
  <testcase name="Logout" time="7.361" classname="com.lib_testing.LogoutTest"/>
  <system-out/>
</testsuite> <!-- com.lib_testing.LogoutTest -->
