<?xml version="1.0" encoding="UTF-8"?>
<!-- Generated by org.testng.reporters.JUnitReportReporter -->
<testsuite skipped="0" hostname="DESKTOP-FK2H0K2" name="com.lib_testing.LoginTest" tests="4" failures="0" timestamp="2020-05-01T11:57:48 IST" time="24.078" errors="0">
  <testcase name="incorrectPasswordTest" time="5.198" classname="com.lib_testing.LoginTest"/>
  <system-out/>
  <testcase name="incorrectUsernameTest" time="5.189" classname="com.lib_testing.LoginTest"/>
  <system-out/>
  <testcase name="loginTest" time="5.404" classname="com.lib_testing.LoginTest"/>
  <system-out/>
  <testcase name="bothIncorrectTest" time="8.287" classname="com.lib_testing.LoginTest"/>
  <system-out/>
</testsuite> <!-- com.lib_testing.LoginTest -->
