<?xml version="1.0" encoding="UTF-8"?>
<!-- Generated by org.testng.reporters.JUnitReportReporter -->
<testsuite skipped="0" hostname="DESKTOP-FK2H0K2" name="com.lib_testing.RegistrationCheck" tests="1" failures="0" timestamp="2020-05-01T11:57:48 IST" time="5.681" errors="0">
  <testcase name="Register" time="5.681" classname="com.lib_testing.RegistrationCheck"/>
  <system-out/>
</testsuite> <!-- com.lib_testing.RegistrationCheck -->
