<?xml version="1.0" encoding="UTF-8"?>
<!-- Generated by org.testng.reporters.JUnitReportReporter -->
<testsuite skipped="0" hostname="DESKTOP-FK2H0K2" name="com.lib_testing.Book_Issue" tests="1" failures="0" timestamp="2020-05-01T11:57:48 IST" time="10.646" errors="0">
  <testcase name="bookIsuueTest" time="10.646" classname="com.lib_testing.Book_Issue"/>
  <system-out/>
</testsuite> <!-- com.lib_testing.Book_Issue -->
