<?xml version="1.0" encoding="UTF-8"?>
<!-- Generated by org.testng.reporters.JUnitReportReporter -->
<testsuite skipped="0" hostname="DESKTOP-FK2H0K2" name="com.lib_testing.Demo" tests="4" failures="0" timestamp="2020-04-28T18:35:06 IST" time="32.937" errors="0">
  <testcase name="loginTest" time="8.099" classname="com.lib_testing.Demo"/>
  <system-out/>
  <testcase name="incorrectUsernameTest" time="7.926" classname="com.lib_testing.Demo"/>
  <system-out/>
  <testcase name="bothIncorrectTest" time="9.074" classname="com.lib_testing.Demo"/>
  <system-out/>
  <testcase name="incorrectPasswordTest" time="7.838" classname="com.lib_testing.Demo"/>
  <system-out/>
</testsuite> <!-- com.lib_testing.Demo -->
